Arguments: 
  /usr/local/bin/node /Users/rungsikornrungsikavarnich/.npm-packages/bin/yarn

PATH: 
  /opt/homebrew/opt/openssl@1.1/bin:/Users/rungsikornrungsikavarnich/google-cloud-sdk/bin:/Users/rungsikornrungsikavarnich/.local/share/solana/install/active_release/bin:/opt/homebrew/bin:/opt/homebrew/sbin:/usr/local/bin:/usr/bin:/bin:/usr/sbin:/sbin:/usr/local/go/bin:/usr/local/share/dotnet:~/.dotnet/tools:/Library/Apple/usr/bin:/Library/Frameworks/Mono.framework/Versions/Current/Commands:/opt/homebrew/opt/openssl@1.1/bin:/Users/rungsikornrungsikavarnich/google-cloud-sdk/bin:/Users/rungsikornrungsikavarnich/.cargo/bin:/Users/rungsikornrungsikavarnich/flutter/bin:/Users/rungsikornrungsikavarnich/.npm-packages/bin:/Users/rungsikornrungsikavarnich/.antigen/bundles/zsh-users/zsh-autosuggestions:/Users/rungsikornrungsikavarnich/platform-tools:/Users/rungsikornrungsikavarnich/platform-tools

Yarn version: 
  1.22.17

Node version: 
  16.13.0

Platform: 
  darwin arm64

Trace: 
  Error: https://bams-aws.refinitiv.com/artifactory/api/npm/default.npm.global/@project-serum%2fanchor: Request "https://bams-aws.refinitiv.com/artifactory/api/npm/default.npm.global/@project-serum%2fanchor" returned a 403
      at Request.params.callback [as _callback] (/Users/rungsikornrungsikavarnich/.npm-packages/lib/node_modules/yarn/lib/cli.js:67038:18)
      at Request.self.callback (/Users/rungsikornrungsikavarnich/.npm-packages/lib/node_modules/yarn/lib/cli.js:140883:22)
      at Request.emit (node:events:390:28)
      at Request.<anonymous> (/Users/rungsikornrungsikavarnich/.npm-packages/lib/node_modules/yarn/lib/cli.js:141855:10)
      at Request.emit (node:events:390:28)
      at IncomingMessage.<anonymous> (/Users/rungsikornrungsikavarnich/.npm-packages/lib/node_modules/yarn/lib/cli.js:141777:12)
      at Object.onceWrapper (node:events:509:28)
      at IncomingMessage.emit (node:events:402:35)
      at endReadableNT (node:internal/streams/readable:1343:12)
      at processTicksAndRejections (node:internal/process/task_queues:83:21)

npm manifest: 
  {
      "dependencies": {
          "@project-serum/anchor": "^0.20.1"
      },
      "devDependencies": {
          "chai": "^4.3.4",
          "mocha": "^9.0.3",
          "ts-mocha": "^8.0.0",
          "@types/mocha": "^9.0.0",
          "typescript": "^4.3.5"
      }
  }

yarn manifest: 
  No manifest

Lockfile: 
  No lockfile
